build/outputs/logs/manifest-merger-debug-report.txt
-- Merging decision tree log ---
manifest
ADDED from AndroidManifest.xml:2:1-36:12
	package
		ADDED from AndroidManifest.xml:3:5-32
		INJECTED from AndroidManifest.xml
		INJECTED from AndroidManifest.xml
	android:versionName
		ADDED from AndroidManifest.xml:5:5-30
		INJECTED from AndroidManifest.xml
		INJECTED from AndroidManifest.xml
	android:versionCode
		ADDED from AndroidManifest.xml:4:5-28
		INJECTED from AndroidManifest.xml
		INJECTED from AndroidManifest.xml
	xmlns:android
		ADDED from AndroidManifest.xml:2:11-69
uses-sdk
ADDED from AndroidManifest.xml:7:5-9:41
	android:targetSdkVersion
		ADDED from AndroidManifest.xml:9:9-38
	android:minSdkVersion
		ADDED from AndroidManifest.xml:8:9-34
uses-permission#android.permission.RECEIVE_BOOT_COMPLETED
ADDED from AndroidManifest.xml:11:5-81
	android:name
		ADDED from AndroidManifest.xml:11:22-78
uses-permission#android.permission.INTERNET
ADDED from AndroidManifest.xml:12:5-67
	android:name
		ADDED from AndroidManifest.xml:12:22-64
uses-permission#android.permission.WRITE_EXTERNAL_STORAGE
ADDED from AndroidManifest.xml:13:5-81
	android:name
		ADDED from AndroidManifest.xml:13:22-78
uses-permission#android.permission.MODIFY_AUDIO_SETTINGS
ADDED from AndroidManifest.xml:14:5-80
	android:name
		ADDED from AndroidManifest.xml:14:22-77
application
ADDED from AndroidManifest.xml:17:5-34:19
	android:label
		ADDED from AndroidManifest.xml:22:9-41
	android:hardwareAccelerated
		ADDED from AndroidManifest.xml:21:9-44
	android:allowBackup
		ADDED from AndroidManifest.xml:19:9-35
	android:icon
		ADDED from AndroidManifest.xml:20:9-45
	android:theme
		ADDED from AndroidManifest.xml:23:9-40
	android:name
		ADDED from AndroidManifest.xml:18:9-45
activity#com.fxb.writecard.WriteCardActivity
ADDED from AndroidManifest.xml:24:9-33:20
	android:screenOrientation
		ADDED from AndroidManifest.xml:27:13-49
	android:label
		ADDED from AndroidManifest.xml:26:13-45
	android:name
		ADDED from AndroidManifest.xml:25:13-46
intent-filter#android.intent.action.MAIN+android.intent.category.LAUNCHER
ADDED from AndroidManifest.xml:28:13-32:29
action#android.intent.action.MAIN
ADDED from AndroidManifest.xml:29:17-69
	android:name
		ADDED from AndroidManifest.xml:29:25-66
category#android.intent.category.LAUNCHER
ADDED from AndroidManifest.xml:31:17-77
	android:name
		ADDED from AndroidManifest.xml:31:27-74